c:\users\miguel\documents\git\opencv3_3dll\x64\release\opencv3_3dll.pch
c:\users\miguel\documents\git\opencv3_3dll\x64\release\vc140.pdb
c:\users\miguel\documents\git\opencv3_3dll\x64\release\stdafx.obj
c:\users\miguel\documents\git\opencv3_3dll\x64\release\dllmain.obj
c:\users\miguel\documents\git\opencv3_3dll\x64\release\subject.obj
c:\users\miguel\documents\git\opencv3_3dll\x64\release\opencv3_3dll.obj
c:\users\miguel\documents\git\opencv3_3dll\x64\release\matcherw.obj
c:\users\miguel\documents\git\opencv3_3dll\x64\release\opencv3_3dll.dll
c:\users\miguel\documents\git\opencv3_3dll\x64\release\opencv3_3dll.ipdb
c:\users\miguel\documents\git\opencv3_3dll\x64\release\opencv3_3dll.iobj
c:\users\miguel\documents\git\opencv3_3dll\x64\release\opencv3_3dll.pdb
c:\users\miguel\documents\git\opencv3_3dll\x64\release\opencv3_3dll.lib
c:\users\miguel\documents\git\opencv3_3dll\x64\release\opencv3_3dll.exp
c:\users\miguel\documents\git\opencv3_3dll\x64\release\opencv3_3dll.tlog\cl.command.1.tlog
c:\users\miguel\documents\git\opencv3_3dll\x64\release\opencv3_3dll.tlog\cl.read.1.tlog
c:\users\miguel\documents\git\opencv3_3dll\x64\release\opencv3_3dll.tlog\cl.write.1.tlog
c:\users\miguel\documents\git\opencv3_3dll\x64\release\opencv3_3dll.tlog\link.command.1.tlog
c:\users\miguel\documents\git\opencv3_3dll\x64\release\opencv3_3dll.tlog\link.read.1.tlog
c:\users\miguel\documents\git\opencv3_3dll\x64\release\opencv3_3dll.tlog\link.write.1.tlog
c:\users\miguel\documents\git\opencv3_3dll\x64\release\opencv3_3dll.tlog\opencv3_3dll.write.1u.tlog
